# JRE version: Java(TM) SE Runtime Environment (8.0_112-b15) (build 1.8.0_112-b15)
# Java VM: Java HotSpot(TM) 64-Bit Server VM (25.112-b15 mixed mode windows-amd64 compressed oops)
Heap:
 PSYoungGen      total 18944K, used 17473K [0x00000000eb300000, 0x00000000ed280000, 0x0000000100000000)
  eden space 16384K, 91% used [0x00000000eb300000,0x00000000ec198600,0x00000000ec300000)
  from space 2560K, 98% used [0x00000000ec580000,0x00000000ec7f8030,0x00000000ec800000)
  to   space 2560K, 0% used [0x00000000ec300000,0x00000000ec300000,0x00000000ec580000)
 ParOldGen       total 79872K, used 78230K [0x00000000c1800000, 0x00000000c6600000, 0x00000000eb300000)
  object space 79872K, 97% used [0x00000000c1800000,0x00000000c6465a00,0x00000000c6600000)
 Metaspace       used 22093K, capacity 23314K, committed 23552K, reserved 1069056K
  class space    used 2998K, capacity 3276K, committed 3328K, reserved 1048576K
GC Heap History (10 events):
Event: 0.728 GC heap before
{Heap before GC invocations=1 (full 0):
 PSYoungGen      total 18944K, used 16384K [0x00000000eb300000, 0x00000000ec800000, 0x0000000100000000)
  eden space 16384K, 100% used [0x00000000eb300000,0x00000000ec300000,0x00000000ec300000)
  from space 2560K, 0% used [0x00000000ec580000,0x00000000ec580000,0x00000000ec800000)
  to   space 2560K, 0% used [0x00000000ec300000,0x00000000ec300000,0x00000000ec580000)
 ParOldGen       total 44032K, used 18432K [0x00000000c1800000, 0x00000000c4300000, 0x00000000eb300000)
  object space 44032K, 41% used [0x00000000c1800000,0x00000000c2a00010,0x00000000c4300000)
 Metaspace       used 10703K, capacity 11060K, committed 11264K, reserved 1058816K
  class space    used 1385K, capacity 1500K, committed 1536K, reserved 1048576K
Event: 0.733 GC heap after
Heap after GC invocations=1 (full 0):
 PSYoungGen      total 18944K, used 2528K [0x00000000eb300000, 0x00000000ec800000, 0x0000000100000000)
  eden space 16384K, 0% used [0x00000000eb300000,0x00000000eb300000,0x00000000ec300000)
  from space 2560K, 98% used [0x00000000ec300000,0x00000000ec578050,0x00000000ec580000)
  to   space 2560K, 0% used [0x00000000ec580000,0x00000000ec580000,0x00000000ec800000)
 ParOldGen       total 44032K, used 18768K [0x00000000c1800000, 0x00000000c4300000, 0x00000000eb300000)
  object space 44032K, 42% used [0x00000000c1800000,0x00000000c2a54030,0x00000000c4300000)
 Metaspace       used 10703K, capacity 11060K, committed 11264K, reserved 1058816K
  class space    used 1385K, capacity 1500K, committed 1536K, reserved 1048576K
}
Event: 14.920 GC heap before
{Heap before GC invocations=2 (full 0):
 PSYoungGen      total 18944K, used 18735K [0x00000000eb300000, 0x00000000ec800000, 0x0000000100000000)
  eden space 16384K, 98% used [0x00000000eb300000,0x00000000ec2d3ed8,0x00000000ec300000)
  from space 2560K, 98% used [0x00000000ec300000,0x00000000ec578050,0x00000000ec580000)
  to   space 2560K, 0% used [0x00000000ec580000,0x00000000ec580000,0x00000000ec800000)
 ParOldGen       total 44032K, used 18768K [0x00000000c1800000, 0x00000000c4300000, 0x00000000eb300000)
  object space 44032K, 42% used [0x00000000c1800000,0x00000000c2a54030,0x00000000c4300000)
 Metaspace       used 15574K, capacity 16200K, committed 16256K, reserved 1062912K
  class space    used 2242K, capacity 2400K, committed 2432K, reserved 1048576K
Event: 14.926 GC heap after
Heap after GC invocations=2 (full 0):
 PSYoungGen      total 18944K, used 2528K [0x00000000eb300000, 0x00000000ec800000, 0x0000000100000000)
  eden space 16384K, 0% used [0x00000000eb300000,0x00000000eb300000,0x00000000ec300000)
  from space 2560K, 98% used [0x00000000ec580000,0x00000000ec7f8030,0x00000000ec800000)
  to   space 2560K, 0% used [0x00000000ec300000,0x00000000ec300000,0x00000000ec580000)
 ParOldGen       total 44032K, used 23198K [0x00000000c1800000, 0x00000000c4300000, 0x00000000eb300000)
  object space 44032K, 52% used [0x00000000c1800000,0x00000000c2ea7a60,0x00000000c4300000)
 Metaspace       used 15574K, capacity 16200K, committed 16256K, reserved 1062912K
  class space    used 2242K, capacity 2400K, committed 2432K, reserved 1048576K
}
Event: 15.377 GC heap before
{Heap before GC invocations=3 (full 0):
 PSYoungGen      total 18944K, used 18912K [0x00000000eb300000, 0x00000000ec800000, 0x0000000100000000)
  eden space 16384K, 100% used [0x00000000eb300000,0x00000000ec300000,0x00000000ec300000)
  from space 2560K, 98% used [0x00000000ec580000,0x00000000ec7f8030,0x00000000ec800000)
  to   space 2560K, 0% used [0x00000000ec300000,0x00000000ec300000,0x00000000ec580000)
 ParOldGen       total 44032K, used 23198K [0x00000000c1800000, 0x00000000c4300000, 0x00000000eb300000)
  object space 44032K, 52% used [0x00000000c1800000,0x00000000c2ea7a60,0x00000000c4300000)
 Metaspace       used 15935K, capacity 16622K, committed 16896K, reserved 1062912K
  class space    used 2294K, capacity 2471K, committed 2560K, reserved 1048576K
Event: 15.388 GC heap after
Heap after GC invocations=3 (full 0):
 PSYoungGen      total 18944K, used 2539K [0x00000000eb300000, 0x00000000ec800000, 0x0000000100000000)
  eden space 16384K, 0% used [0x00000000eb300000,0x00000000eb300000,0x00000000ec300000)
  from space 2560K, 99% used [0x00000000ec300000,0x00000000ec57ae28,0x00000000ec580000)
  to   space 2560K, 0% used [0x00000000ec580000,0x00000000ec580000,0x00000000ec800000)
 ParOldGen       total 44032K, used 37411K [0x00000000c1800000, 0x00000000c4300000, 0x00000000eb300000)
  object space 44032K, 84% used [0x00000000c1800000,0x00000000c3c88df8,0x00000000c4300000)
 Metaspace       used 15935K, capacity 16622K, committed 16896K, reserved 1062912K
  class space    used 2294K, capacity 2471K, committed 2560K, reserved 1048576K
}
Event: 15.388 GC heap before
{Heap before GC invocations=4 (full 1):
 PSYoungGen      total 18944K, used 2539K [0x00000000eb300000, 0x00000000ec800000, 0x0000000100000000)
  eden space 16384K, 0% used [0x00000000eb300000,0x00000000eb300000,0x00000000ec300000)
  from space 2560K, 99% used [0x00000000ec300000,0x00000000ec57ae28,0x00000000ec580000)
  to   space 2560K, 0% used [0x00000000ec580000,0x00000000ec580000,0x00000000ec800000)
 ParOldGen       total 44032K, used 37411K [0x00000000c1800000, 0x00000000c4300000, 0x00000000eb300000)
  object space 44032K, 84% used [0x00000000c1800000,0x00000000c3c88df8,0x00000000c4300000)
 Metaspace       used 15935K, capacity 16622K, committed 16896K, reserved 1062912K
  class space    used 2294K, capacity 2471K, committed 2560K, reserved 1048576K
Event: 15.448 GC heap after
Heap after GC invocations=4 (full 1):
 PSYoungGen      total 18944K, used 0K [0x00000000eb300000, 0x00000000ec800000, 0x0000000100000000)
  eden space 16384K, 0% used [0x00000000eb300000,0x00000000eb300000,0x00000000ec300000)
  from space 2560K, 0% used [0x00000000ec300000,0x00000000ec300000,0x00000000ec580000)
  to   space 2560K, 0% used [0x00000000ec580000,0x00000000ec580000,0x00000000ec800000)
 ParOldGen       total 79872K, used 39752K [0x00000000c1800000, 0x00000000c6600000, 0x00000000eb300000)
  object space 79872K, 49% used [0x00000000c1800000,0x00000000c3ed21b8,0x00000000c6600000)
 Metaspace       used 15935K, capacity 16622K, committed 16896K, reserved 1062912K
  class space    used 2294K, capacity 2471K, committed 2560K, reserved 1048576K
}
Event: 20.098 GC heap before
{Heap before GC invocations=5 (full 1):
 PSYoungGen      total 18944K, used 16384K [0x00000000eb300000, 0x00000000ec800000, 0x0000000100000000)
  eden space 16384K, 100% used [0x00000000eb300000,0x00000000ec300000,0x00000000ec300000)
  from space 2560K, 0% used [0x00000000ec300000,0x00000000ec300000,0x00000000ec580000)
  to   space 2560K, 0% used [0x00000000ec580000,0x00000000ec580000,0x00000000ec800000)
 ParOldGen       total 79872K, used 58184K [0x00000000c1800000, 0x00000000c6600000, 0x00000000eb300000)
  object space 79872K, 72% used [0x00000000c1800000,0x00000000c50d21c8,0x00000000c6600000)
 Metaspace       used 20827K, capacity 21952K, committed 22144K, reserved 1069056K
  class space    used 2872K, capacity 3111K, committed 3200K, reserved 1048576K
Event: 20.104 GC heap after
Heap after GC invocations=5 (full 1):
 PSYoungGen      total 18944K, used 2528K [0x00000000eb300000, 0x00000000ed280000, 0x0000000100000000)
  eden space 16384K, 0% used [0x00000000eb300000,0x00000000eb300000,0x00000000ec300000)
  from space 2560K, 98% used [0x00000000ec580000,0x00000000ec7f8030,0x00000000ec800000)
  to   space 2560K, 0% used [0x00000000ec300000,0x00000000ec300000,0x00000000ec580000)
 ParOldGen       total 79872K, used 59798K [0x00000000c1800000, 0x00000000c6600000, 0x00000000eb300000)
  object space 79872K, 74% used [0x00000000c1800000,0x00000000c52659f0,0x00000000c6600000)
 Metaspace       used 20827K, capacity 21952K, committed 22144K, reserved 1069056K
  class space    used 2872K, capacity 3111K, committed 3200K, reserved 1048576K
}

