# JRE version: Java(TM) SE Runtime Environment (8.0_112-b15) (build 1.8.0_112-b15)
# Java VM: Java HotSpot(TM) 64-Bit Server VM (25.112-b15 mixed mode windows-amd64 compressed oops)
Heap:
 PSYoungGen      total 18944K, used 12913K [0x00000000eb300000, 0x00000000ed800000, 0x0000000100000000)
  eden space 16384K, 78% used [0x00000000eb300000,0x00000000ebf9c758,0x00000000ec300000)
  from space 2560K, 0% used [0x00000000ec300000,0x00000000ec300000,0x00000000ec580000)
  to   space 2560K, 0% used [0x00000000ed580000,0x00000000ed580000,0x00000000ed800000)
 ParOldGen       total 80896K, used 39421K [0x00000000c1800000, 0x00000000c6700000, 0x00000000eb300000)
  object space 80896K, 48% used [0x00000000c1800000,0x00000000c3e7f5f0,0x00000000c6700000)
 Metaspace       used 20248K, capacity 21336K, committed 21504K, reserved 1067008K
  class space    used 2853K, capacity 3063K, committed 3072K, reserved 1048576K
GC Heap History (8 events):
Event: 0.507 GC heap before
{Heap before GC invocations=1 (full 0):
 PSYoungGen      total 18944K, used 14018K [0x00000000eb300000, 0x00000000ec800000, 0x0000000100000000)
  eden space 16384K, 85% used [0x00000000eb300000,0x00000000ec0b0aa0,0x00000000ec300000)
  from space 2560K, 0% used [0x00000000ec580000,0x00000000ec580000,0x00000000ec800000)
  to   space 2560K, 0% used [0x00000000ec300000,0x00000000ec300000,0x00000000ec580000)
 ParOldGen       total 44032K, used 0K [0x00000000c1800000, 0x00000000c4300000, 0x00000000eb300000)
  object space 44032K, 0% used [0x00000000c1800000,0x00000000c1800000,0x00000000c4300000)
 Metaspace       used 9560K, capacity 9860K, committed 10112K, reserved 1058816K
  class space    used 1200K, capacity 1298K, committed 1408K, reserved 1048576K
Event: 0.511 GC heap after
Heap after GC invocations=1 (full 0):
 PSYoungGen      total 18944K, used 2491K [0x00000000eb300000, 0x00000000ec800000, 0x0000000100000000)
  eden space 16384K, 0% used [0x00000000eb300000,0x00000000eb300000,0x00000000ec300000)
  from space 2560K, 97% used [0x00000000ec300000,0x00000000ec56ee48,0x00000000ec580000)
  to   space 2560K, 0% used [0x00000000ec580000,0x00000000ec580000,0x00000000ec800000)
 ParOldGen       total 44032K, used 72K [0x00000000c1800000, 0x00000000c4300000, 0x00000000eb300000)
  object space 44032K, 0% used [0x00000000c1800000,0x00000000c1812010,0x00000000c4300000)
 Metaspace       used 9560K, capacity 9860K, committed 10112K, reserved 1058816K
  class space    used 1200K, capacity 1298K, committed 1408K, reserved 1048576K
}
Event: 0.746 GC heap before
{Heap before GC invocations=2 (full 0):
 PSYoungGen      total 18944K, used 18183K [0x00000000eb300000, 0x00000000ec800000, 0x0000000100000000)
  eden space 16384K, 95% used [0x00000000eb300000,0x00000000ec253190,0x00000000ec300000)
  from space 2560K, 97% used [0x00000000ec300000,0x00000000ec56ee48,0x00000000ec580000)
  to   space 2560K, 0% used [0x00000000ec580000,0x00000000ec580000,0x00000000ec800000)
 ParOldGen       total 44032K, used 72K [0x00000000c1800000, 0x00000000c4300000, 0x00000000eb300000)
  object space 44032K, 0% used [0x00000000c1800000,0x00000000c1812010,0x00000000c4300000)
 Metaspace       used 11190K, capacity 11522K, committed 11648K, reserved 1058816K
  class space    used 1467K, capacity 1569K, committed 1664K, reserved 1048576K
Event: 0.752 GC heap after
Heap after GC invocations=2 (full 0):
 PSYoungGen      total 18944K, used 2558K [0x00000000eb300000, 0x00000000ed800000, 0x0000000100000000)
  eden space 16384K, 0% used [0x00000000eb300000,0x00000000eb300000,0x00000000ec300000)
  from space 2560K, 99% used [0x00000000ec580000,0x00000000ec7ff8a0,0x00000000ec800000)
  to   space 2560K, 0% used [0x00000000ec300000,0x00000000ec300000,0x00000000ec580000)
 ParOldGen       total 44032K, used 11347K [0x00000000c1800000, 0x00000000c4300000, 0x00000000eb300000)
  object space 44032K, 25% used [0x00000000c1800000,0x00000000c2314dc0,0x00000000c4300000)
 Metaspace       used 11190K, capacity 11522K, committed 11648K, reserved 1058816K
  class space    used 1467K, capacity 1569K, committed 1664K, reserved 1048576K
}
Event: 2.815 GC heap before
{Heap before GC invocations=3 (full 0):
 PSYoungGen      total 18944K, used 18942K [0x00000000eb300000, 0x00000000ed800000, 0x0000000100000000)
  eden space 16384K, 100% used [0x00000000eb300000,0x00000000ec300000,0x00000000ec300000)
  from space 2560K, 99% used [0x00000000ec580000,0x00000000ec7ff8a0,0x00000000ec800000)
  to   space 2560K, 0% used [0x00000000ec300000,0x00000000ec300000,0x00000000ec580000)
 ParOldGen       total 44032K, used 29779K [0x00000000c1800000, 0x00000000c4300000, 0x00000000eb300000)
  object space 44032K, 67% used [0x00000000c1800000,0x00000000c3514dd0,0x00000000c4300000)
 Metaspace       used 15139K, capacity 15846K, committed 16000K, reserved 1062912K
  class space    used 2131K, capacity 2308K, committed 2432K, reserved 1048576K
Event: 2.820 GC heap after
Heap after GC invocations=3 (full 0):
 PSYoungGen      total 18944K, used 2552K [0x00000000eb300000, 0x00000000ed800000, 0x0000000100000000)
  eden space 16384K, 0% used [0x00000000eb300000,0x00000000eb300000,0x00000000ec300000)
  from space 2560K, 99% used [0x00000000ec300000,0x00000000ec57e030,0x00000000ec580000)
  to   space 2560K, 0% used [0x00000000ed580000,0x00000000ed580000,0x00000000ed800000)
 ParOldGen       total 44032K, used 37135K [0x00000000c1800000, 0x00000000c4300000, 0x00000000eb300000)
  object space 44032K, 84% used [0x00000000c1800000,0x00000000c3c43f28,0x00000000c4300000)
 Metaspace       used 15139K, capacity 15846K, committed 16000K, reserved 1062912K
  class space    used 2131K, capacity 2308K, committed 2432K, reserved 1048576K
}
Event: 2.820 GC heap before
{Heap before GC invocations=4 (full 1):
 PSYoungGen      total 18944K, used 2552K [0x00000000eb300000, 0x00000000ed800000, 0x0000000100000000)
  eden space 16384K, 0% used [0x00000000eb300000,0x00000000eb300000,0x00000000ec300000)
  from space 2560K, 99% used [0x00000000ec300000,0x00000000ec57e030,0x00000000ec580000)
  to   space 2560K, 0% used [0x00000000ed580000,0x00000000ed580000,0x00000000ed800000)
 ParOldGen       total 44032K, used 37135K [0x00000000c1800000, 0x00000000c4300000, 0x00000000eb300000)
  object space 44032K, 84% used [0x00000000c1800000,0x00000000c3c43f28,0x00000000c4300000)
 Metaspace       used 15139K, capacity 15846K, committed 16000K, reserved 1062912K
  class space    used 2131K, capacity 2308K, committed 2432K, reserved 1048576K
Event: 2.863 GC heap after
Heap after GC invocations=4 (full 1):
 PSYoungGen      total 18944K, used 0K [0x00000000eb300000, 0x00000000ed800000, 0x0000000100000000)
  eden space 16384K, 0% used [0x00000000eb300000,0x00000000eb300000,0x00000000ec300000)
  from space 2560K, 0% used [0x00000000ec300000,0x00000000ec300000,0x00000000ec580000)
  to   space 2560K, 0% used [0x00000000ed580000,0x00000000ed580000,0x00000000ed800000)
 ParOldGen       total 80896K, used 39421K [0x00000000c1800000, 0x00000000c6700000, 0x00000000eb300000)
  object space 80896K, 48% used [0x00000000c1800000,0x00000000c3e7f5f0,0x00000000c6700000)
 Metaspace       used 15139K, capacity 15846K, committed 16000K, reserved 1062912K
  class space    used 2131K, capacity 2308K, committed 2432K, reserved 1048576K
}

